<?xml version="1.0" encoding="UTF-8"?>
<testng-results ignored="0" total="2" passed="2" failed="0" skipped="0">
  <reporter-output>
  </reporter-output>
  <suite started-at="2022-11-14T16:15:00 IST" name="Default suite" finished-at="2022-11-14T16:15:58 IST" duration-ms="57260">
    <groups>
    </groups>
    <test started-at="2022-11-14T16:15:00 IST" name="Default test" finished-at="2022-11-14T16:15:58 IST" duration-ms="57260">
      <class name="Screen.TScreenTest">
        <test-method is-config="true" signature="setup()[pri:0, instance:Screen.TScreenTest@222545dc]" started-at="2022-11-14T16:15:00 IST" name="setup" finished-at="2022-11-14T16:15:04 IST" duration-ms="3715" status="PASS">
          <reporter-output>
          </reporter-output>
        </test-method> <!-- setup -->
        <test-method signature="navigationTest()[pri:0, instance:Screen.TScreenTest@222545dc]" started-at="2022-11-14T16:15:04 IST" name="navigationTest" finished-at="2022-11-14T16:15:20 IST" duration-ms="16208" status="PASS">
          <reporter-output>
          </reporter-output>
        </test-method> <!-- navigationTest -->
        <test-method is-config="true" signature="tearDown()[pri:0, instance:Screen.TScreenTest@222545dc]" started-at="2022-11-14T16:15:20 IST" name="tearDown" finished-at="2022-11-14T16:15:21 IST" duration-ms="300" status="PASS">
          <reporter-output>
          </reporter-output>
        </test-method> <!-- tearDown -->
        <test-method is-config="true" signature="setup()[pri:0, instance:Screen.TScreenTest@222545dc]" started-at="2022-11-14T16:15:21 IST" name="setup" finished-at="2022-11-14T16:15:22 IST" duration-ms="931" status="PASS">
          <reporter-output>
          </reporter-output>
        </test-method> <!-- setup -->
        <test-method signature="navigation_FeatureTest()[pri:0, instance:Screen.TScreenTest@222545dc]" started-at="2022-11-14T16:15:22 IST" name="navigation_FeatureTest" finished-at="2022-11-14T16:15:57 IST" duration-ms="35671" status="PASS">
          <reporter-output>
          </reporter-output>
        </test-method> <!-- navigation_FeatureTest -->
        <test-method is-config="true" signature="tearDown()[pri:0, instance:Screen.TScreenTest@222545dc]" started-at="2022-11-14T16:15:57 IST" name="tearDown" finished-at="2022-11-14T16:15:58 IST" duration-ms="315" status="PASS">
          <reporter-output>
          </reporter-output>
        </test-method> <!-- tearDown -->
      </class> <!-- Screen.TScreenTest -->
    </test> <!-- Default test -->
  </suite> <!-- Default suite -->
</testng-results>
